f2d07d17-d899-4658-bfd2-a6d48d8c3434 userToken GET - /user "HTTP/1.1"
00fe9a1e-f72e-46a5-9aa2-a3f5aa8331ca userToken GET 200 /user "HTTP/1.1"
6e2823ec-f5a5-4c6d-a37b-c17bb7c04f52 userToken GET 304 /static/stylesheets/style.css "HTTP/1.1"
41df39f3-2f16-46e4-8d04-bf1ccff9eb80 userToken GET 304 /static/images/jaxtina-ielts-logo-w.png "HTTP/1.1"
70b86c69-ff4f-4d09-88f8-56f0a3597520 userToken GET 304 /user "HTTP/1.1"
5f0341fc-beca-484b-8af1-39d019de97d5 userToken GET 304 /static/stylesheets/style.css "HTTP/1.1"
5fd47368-063a-4894-8ecd-fbe00419d61b userToken GET 304 /static/images/jaxtina-ielts-logo-w.png "HTTP/1.1"
6834ed05-5d1c-43f2-b012-9b1a8db5451b userToken GET 200 /user "HTTP/1.1"
48817e69-bc3c-4bce-b8c6-e42e41af6663 userToken GET 404 /... "HTTP/1.1"
e38517a1-6af6-43f3-adfd-38eeed23ecb8 userToken GET 304 /static/stylesheets/style.css "HTTP/1.1"
eb7e77d3-eaa8-4051-ab99-a87ba79392bc userToken GET 304 /static/images/jaxtina-ielts-logo-w.png "HTTP/1.1"
08646ad9-2c9a-4e05-bc66-55774056a2d1 userToken GET 304 /user "HTTP/1.1"
496681f7-4ed9-4e9d-aa20-1f811044bed8 userToken GET 404 /... "HTTP/1.1"
4ee0f703-c6cb-4c9b-8748-b6faf977eb55 userToken GET 304 /static/stylesheets/style.css "HTTP/1.1"
b5e373c9-98c5-4b3e-b394-666681fadaa8 userToken GET 304 /static/images/jaxtina-ielts-logo-w.png "HTTP/1.1"
21e046d5-e2b6-4cf1-8311-d548fc1ef48a userToken GET 200 /user "HTTP/1.1"
68a9d1e1-4a82-48d0-9895-8df0c08bbeca userToken GET 304 /static/stylesheets/style.css "HTTP/1.1"
f23a1523-dbb7-435a-b5a4-bef73ac04170 userToken GET 404 /... "HTTP/1.1"
9517074b-1b62-4456-926f-a0c7f0eff16f userToken GET 304 /static/images/jaxtina-ielts-logo-w.png "HTTP/1.1"
756ea297-6143-4342-92b7-f590a9ed53ca userToken GET 304 /user "HTTP/1.1"
581936e5-eb43-4b61-92c5-93c74cafbd9b userToken GET 404 /... "HTTP/1.1"
f5fdc603-0998-4485-94fa-55da25b1b66d userToken GET 304 /static/stylesheets/style.css "HTTP/1.1"
de55b41a-0554-4061-a4fb-43ae61c30933 userToken GET 304 /static/images/jaxtina-ielts-logo-w.png "HTTP/1.1"
4a171ecb-8728-40c3-a2b8-cc5d372de964 userToken GET 200 /user "HTTP/1.1"
ae8b75e9-10df-4f61-b7ad-0ab03fbeecf1 userToken GET 304 /static/stylesheets/style.css "HTTP/1.1"
e1bd7207-1a6c-4cff-99fa-8797e7d1e577 userToken GET 304 /static/images/jaxtina-ielts-logo-w.png "HTTP/1.1"
8a8e4128-88c7-4dbc-8fa3-e0e0277fe6a9 userToken GET 404 /... "HTTP/1.1"
5bd79df4-5805-4302-a61f-0507bdaf9c32 userToken GET 304 /user "HTTP/1.1"
5c9ab6dd-5634-4a6d-be6b-e57a93c7555a userToken GET 404 /... "HTTP/1.1"
8954e1e6-4612-4283-95ac-ec3f3feff093 userToken GET 304 /static/stylesheets/style.css "HTTP/1.1"
3f8d7a50-de60-43c6-ad0c-99a28a7dd8ba userToken GET 304 /static/images/jaxtina-ielts-logo-w.png "HTTP/1.1"
56e06278-c090-450b-b8ef-901487fd0e53 userToken GET 304 /user "HTTP/1.1"
5228c715-f26a-4f23-a1a2-c15450cfe4d7 userToken GET 404 /... "HTTP/1.1"
5ab65170-f812-4444-a373-244b1b86dcfe userToken GET 304 /static/stylesheets/style.css "HTTP/1.1"
802d79fd-febc-438b-bf1e-bd60f0f3c892 userToken GET 304 /static/images/jaxtina-ielts-logo-w.png "HTTP/1.1"
00e404cc-0838-496e-b1e8-63c52aad8939 userToken GET 304 /user "HTTP/1.1"
3b74ceee-da13-432e-b52a-677ef8faae41 userToken GET 404 /... "HTTP/1.1"
b4fdb2a6-7473-4b32-806a-6f86540fef02 userToken GET 304 /static/stylesheets/style.css "HTTP/1.1"
bc9b837a-f68f-4903-80ee-dafa57b5fe3f userToken GET 304 /static/images/jaxtina-ielts-logo-w.png "HTTP/1.1"
130d23ed-ada4-4019-bde3-db8d3e16952f userToken GET 304 /user "HTTP/1.1"
75d6d67f-bec1-44df-a2c3-bb4378ba096e userToken GET 404 /... "HTTP/1.1"
453eae49-fb07-4a1c-9b17-eb29197a6f3e userToken GET 304 /static/stylesheets/style.css "HTTP/1.1"
317abc6d-70eb-4e99-b729-ad33848fe6cf userToken GET 304 /static/images/jaxtina-ielts-logo-w.png "HTTP/1.1"
30d20410-5015-4de3-b735-2fd7d42d8443 userToken GET 304 /user "HTTP/1.1"
5f2c5485-b64b-4fc7-a93b-8dd92d73dbd5 userToken GET 304 /static/stylesheets/style.css "HTTP/1.1"
0638f153-fe6a-4149-8588-2d65c6d898d1 userToken GET 404 /... "HTTP/1.1"
209a7142-3389-47a3-a6c5-b2797ab63595 userToken GET 304 /static/images/jaxtina-ielts-logo-w.png "HTTP/1.1"
1a965193-2ef8-47d3-9cdc-453bf2c548ca userToken GET 304 /user "HTTP/1.1"
a04318c9-c9b6-40e2-9ca8-8cdc40a65c72 userToken GET 404 /... "HTTP/1.1"
0a70c5f6-98ef-4065-a82a-48928be69944 userToken GET 304 /static/stylesheets/style.css "HTTP/1.1"
ffa87389-7a29-4e83-b6fb-9b1fb6376f98 userToken GET 304 /static/images/jaxtina-ielts-logo-w.png "HTTP/1.1"
66cc2151-b5d2-4f80-b548-4d65c01aadde userToken GET 304 /user "HTTP/1.1"
979e0860-9315-4783-af63-138869f9f21e userToken GET 404 /... "HTTP/1.1"
88adf892-0b9c-4210-99fe-ae81eb4471dd userToken GET 304 /static/stylesheets/style.css "HTTP/1.1"
3a07f9ed-ec71-4ea8-b6da-42e2e0f12924 userToken GET 304 /static/images/jaxtina-ielts-logo-w.png "HTTP/1.1"
aaa3a39b-24a5-4623-a0da-341d7aa3bb29 userToken GET 304 /user "HTTP/1.1"
616121d4-1029-4644-a30f-766c262f7f15 userToken GET 404 /... "HTTP/1.1"
859ddefa-584e-4f58-9c54-2485bbb3699a userToken GET 304 /static/stylesheets/style.css "HTTP/1.1"
32d4a6c5-1c35-4e7a-8116-7d8c0694b368 userToken GET 304 /static/images/jaxtina-ielts-logo-w.png "HTTP/1.1"
2a86e06b-9308-4f15-958f-4ad41926298a userToken GET 304 /user "HTTP/1.1"
f73751f2-19f4-48b0-8314-e2b30226fad2 userToken GET 304 /static/stylesheets/style.css "HTTP/1.1"
728d1b69-88a9-4fe7-9315-fbe41c6ce86f userToken GET 404 /... "HTTP/1.1"
38b0be8e-7674-42c5-ab65-a46a78071b1f userToken GET 304 /static/images/jaxtina-ielts-logo-w.png "HTTP/1.1"
488d7214-ae41-411f-bc51-b9ab21c3b75c userToken GET 304 /user "HTTP/1.1"
9ea87238-b250-40d1-ba43-c58ecd9af78c userToken GET 404 /... "HTTP/1.1"
6e15c514-2998-4388-8c6d-fe2a616bb0cb userToken GET 304 /static/stylesheets/style.css "HTTP/1.1"
28bcb52f-4911-469e-a9ee-852d8591e737 userToken GET 304 /static/images/jaxtina-ielts-logo-w.png "HTTP/1.1"
f8447bb5-956c-4223-891a-c500052273a3 userToken GET 200 /user "HTTP/1.1"
3c7af6c2-2310-47ed-860a-14d5a0c65b1a userToken GET 304 /static/stylesheets/style.css "HTTP/1.1"
69eaa1d2-89bd-4e23-a03b-0c279b1bdf9a userToken GET 404 /... "HTTP/1.1"
544df518-ace8-4545-b827-8099d53d1d7d userToken GET 304 /static/images/jaxtina-ielts-logo-w.png "HTTP/1.1"
ff6b7117-7455-4e83-b29a-9d146028043a userToken GET 304 /user "HTTP/1.1"
a8fdc63c-2222-4fac-a10f-f4881c1c0d26 userToken GET 304 /static/stylesheets/style.css "HTTP/1.1"
e823d3fa-c751-460a-84c8-d25034bb6c2a userToken GET 404 /... "HTTP/1.1"
1cf7954e-344e-4438-9d67-c4173f3a525f userToken GET 304 /static/images/jaxtina-ielts-logo-w.png "HTTP/1.1"
362ed2b6-e9e6-4b3b-bf00-9853f144d1ed userToken GET 304 /user "HTTP/1.1"
24ee1852-7692-42c8-9ba1-a7e35ed66aa1 userToken GET 404 /... "HTTP/1.1"
1195f60a-0512-4ca9-ad7d-bc6d36ebdeae userToken GET 304 /static/stylesheets/style.css "HTTP/1.1"
5dacbb90-1124-49e0-86d0-cef9c41fd969 userToken GET 304 /static/images/jaxtina-ielts-logo-w.png "HTTP/1.1"
971875a0-d2f8-480b-b0fa-8b7ce884084a userToken GET 304 /user "HTTP/1.1"
4942c4c5-b16a-47d9-a57f-982ae56e40e7 userToken GET 304 /static/stylesheets/style.css "HTTP/1.1"
aa53fb39-a8b3-469c-9cde-4cf779173bc1 userToken GET 404 /... "HTTP/1.1"
fce52086-ccc7-4445-b9ce-c6f85a502616 userToken GET 304 /static/images/jaxtina-ielts-logo-w.png "HTTP/1.1"
2328ee9a-b9b2-473b-adf3-b98e16377c27 userToken GET 304 /user "HTTP/1.1"
561d5d89-f514-4d04-b385-ffb7a7161c48 userToken GET 404 /... "HTTP/1.1"
66def5c2-e6a6-401d-9e9e-8d34fbe9d969 userToken GET 304 /static/stylesheets/style.css "HTTP/1.1"
9b61ce5f-ad9c-4bbb-8ae7-6a427a205ab4 userToken GET 304 /static/images/jaxtina-ielts-logo-w.png "HTTP/1.1"
67ff6185-bf5c-4b62-99a1-cc24b27d6428 userToken GET 200 /user "HTTP/1.1"
a8974db3-987d-42f1-b61f-f853ea581cef userToken GET 304 /static/stylesheets/style.css "HTTP/1.1"
130a209b-b56d-4654-917e-0feaaee5375a userToken GET 304 /static/images/jaxtina-ielts-logo-w.png "HTTP/1.1"
d7a85fed-1143-4fcf-9a80-4c1661128852 userToken GET 404 /... "HTTP/1.1"
b501ea34-af5e-423e-9028-bd96a934e77d userToken GET 304 /user "HTTP/1.1"
330ad24c-879c-41e4-978e-1382458e2f69 userToken GET 404 /... "HTTP/1.1"
006b9286-67dd-48ff-baa7-aee5b1a682cb userToken GET 304 /static/stylesheets/style.css "HTTP/1.1"
f7d3999a-f20c-41e0-8cc2-d352b8ddd8ed userToken GET 304 /static/images/jaxtina-ielts-logo-w.png "HTTP/1.1"
ba0b4916-4a1d-4cb3-a8e3-64d7b9c95749 userToken GET 304 /user "HTTP/1.1"
3280f3de-929f-400a-8114-3161bc8941fb userToken GET 404 /... "HTTP/1.1"
85e53222-72f7-4de8-ad64-cfee47f9132a userToken GET 304 /static/stylesheets/style.css "HTTP/1.1"
c116dd3a-497f-44af-957d-e20a0f440479 userToken GET 304 /static/images/jaxtina-ielts-logo-w.png "HTTP/1.1"
66a01343-094a-489d-9805-94122a5e8009 userToken GET 304 /user "HTTP/1.1"
692bf458-574c-49f6-82a9-4c33b48f6dff userToken GET 404 /... "HTTP/1.1"
41b5b450-0bea-4cc0-819c-ee4c7c960baa userToken GET 304 /static/stylesheets/style.css "HTTP/1.1"
bd6a29d7-0889-4dd5-99c3-a1129c6a3d7d userToken GET 304 /static/images/jaxtina-ielts-logo-w.png "HTTP/1.1"
81045912-48f8-427e-a278-a966ccf97faf userToken GET 304 /user "HTTP/1.1"
41c08178-d2aa-49bf-a190-dd7828f97c28 userToken GET 304 /static/stylesheets/style.css "HTTP/1.1"
5f092dfb-1035-4181-bb67-1b1f8f6c7aa9 userToken GET 404 /... "HTTP/1.1"
06775978-7682-46e5-997b-74fe0107384a userToken GET 304 /static/images/jaxtina-ielts-logo-w.png "HTTP/1.1"
6153470a-73e0-422c-b639-170f4e4b3105 userToken GET 304 /user "HTTP/1.1"
e2d7a88c-a979-4f89-b116-046a363eff64 userToken GET 304 /static/stylesheets/style.css "HTTP/1.1"
96eedd39-7ab0-405a-aed8-9b4c7122ae45 userToken GET 404 /... "HTTP/1.1"
a9965bac-19ec-4ec3-8b91-9bde835a7f5d userToken GET 304 /static/images/jaxtina-ielts-logo-w.png "HTTP/1.1"
5c4ed29d-c74f-48e7-a598-d4edf00de296 userToken GET 304 /user "HTTP/1.1"
956bf8ec-7a17-4b97-97ea-96d894bbc35c userToken GET 404 /... "HTTP/1.1"
c02ea50f-d849-46bb-ab3d-12a84c12aac3 userToken GET 304 /static/stylesheets/style.css "HTTP/1.1"
cfa7c442-78d7-4e1e-a3ee-bf8f8c4b74c1 userToken GET 304 /static/images/jaxtina-ielts-logo-w.png "HTTP/1.1"
59600f57-1432-4151-aa80-4b903ccadbaf userToken GET 304 /user "HTTP/1.1"
33b19906-1fc6-434a-9c7f-8bc149377c03 userToken GET 404 /... "HTTP/1.1"
a6be35ee-550f-41af-b1a0-e3b43626b671 userToken GET 304 /static/stylesheets/style.css "HTTP/1.1"
b14e5fc9-da33-47af-8ef0-d20386afaeb2 userToken GET 304 /static/images/jaxtina-ielts-logo-w.png "HTTP/1.1"
72130dc6-ebd2-4f44-907f-85c13f2b43b5 userToken GET 200 /user "HTTP/1.1"
8799231c-a52b-4ad1-a9ca-d6dd4542779a userToken GET 304 /static/stylesheets/style.css "HTTP/1.1"
27fcbd3d-1360-4ce2-8c90-582b66a85f28 userToken GET 304 /static/images/jaxtina-ielts-logo-w.png "HTTP/1.1"
376fca56-e18e-44c2-90a7-3d68f4e93a00 userToken GET 304 /static/stylesheets/style.css "HTTP/1.1"
1cd0059e-2e3e-41b7-a8b2-b7b356d33b48 userToken GET 200 /user "HTTP/1.1"
ca05c591-d478-46d2-898a-fc508c984334 userToken GET 200 /static/stylesheets/style.css "HTTP/1.1"
163cf8ac-4c89-4fd4-967c-6fe37fe21c0b userToken GET 200 /static/images/jaxtina-ielts-logo-w.png "HTTP/1.1"
82f2f2a9-0c42-403d-b604-84e059edf576 userToken GET 200 /user "HTTP/1.1"
9693c75a-2efc-4da0-9c01-669c9687cefd userToken GET 200 /static/stylesheets/style.css "HTTP/1.1"
76567277-cbb9-4a2e-9fb5-44ef6a214591 userToken GET 200 /static/images/jaxtina-ielts-logo-w.png "HTTP/1.1"
2f6c2683-8492-49b2-b444-1fa21fbef042 userToken GET 200 /user "HTTP/1.1"
d723578b-8ae0-4495-a722-ad3ebb3a115d userToken GET 200 /static/stylesheets/style.css "HTTP/1.1"
2f612595-4bce-42de-95e7-80a13496b62d userToken GET 200 /static/images/jaxtina-ielts-logo-w.png "HTTP/1.1"
01cbcf94-7602-4a2e-895d-423bc7ec9ab8 userToken GET 304 /user "HTTP/1.1"
9c372970-d2a1-4c24-8818-06f9cfdf283a userToken GET 304 /static/stylesheets/style.css "HTTP/1.1"
2ff8d594-8daf-4c98-a963-38c679be4ea2 userToken GET 304 /static/images/jaxtina-ielts-logo-w.png "HTTP/1.1"
0c866897-8245-4166-93ab-e031e65ac748 userToken GET 304 /user "HTTP/1.1"
0ac37568-7968-4265-a1a3-24193549f43d userToken GET 304 /static/stylesheets/style.css "HTTP/1.1"
59e77c47-dc59-4019-818c-461e8be94ca9 userToken GET 304 /static/images/jaxtina-ielts-logo-w.png "HTTP/1.1"
57b52829-9421-4e3e-b954-ed8ee34b2b54 userToken GET 304 /user "HTTP/1.1"
746b74a3-eb9e-446e-9a56-19234e5ddc16 userToken GET 304 /static/stylesheets/style.css "HTTP/1.1"
970e3cc8-10cd-4738-9ab4-626348cdf71a userToken GET 304 /static/images/jaxtina-ielts-logo-w.png "HTTP/1.1"
10b4c078-d486-4272-9624-a2731e830b04 userToken POST - /user/authentication "HTTP/1.1"
2f82403e-c89f-46ce-9bf0-e3d1b829aa5d userToken POST - /user/authentication "HTTP/1.1"
aed86b95-bae4-4794-93cc-7236db9f14a2 userToken GET 304 /user "HTTP/1.1"
e7ffc2dd-d70a-45a8-8563-623ba3806c71 userToken GET 304 /static/stylesheets/style.css "HTTP/1.1"
63ae6035-c0f3-4e56-8cd2-c17eb1f4e06f userToken GET 304 /static/images/jaxtina-ielts-logo-w.png "HTTP/1.1"
7649257d-f300-4854-acbc-87ed25a2be60 userToken GET 304 /user "HTTP/1.1"
352bbbb3-c440-4994-91d4-65c167a8be7f userToken GET 304 /static/stylesheets/style.css "HTTP/1.1"
43cd77df-fd55-4430-bc7d-57f14a7b0cab userToken GET 304 /static/images/jaxtina-ielts-logo-w.png "HTTP/1.1"
af4ddb33-ec98-4005-bab7-c36d261ff5eb userToken GET 200 / "HTTP/1.1"
d7d09b95-3ccd-4d32-a3bd-e0c871201235 userToken GET 304 /static/stylesheets/style.css "HTTP/1.1"
aa749419-0bdc-404c-8a2c-f76ee9af96d8 userToken GET 304 /static/images/jaxtina-ielts-logo-w.png "HTTP/1.1"
2ed004df-4c29-4e23-a366-46c0c7114e6b userToken GET 304 / "HTTP/1.1"
31e42352-5f14-428f-8ec5-93000908dd01 userToken GET 304 /static/stylesheets/style.css "HTTP/1.1"
16583ad4-0f5d-4de9-a8d2-f041252a9004 userToken GET 304 /static/images/jaxtina-ielts-logo-w.png "HTTP/1.1"
34ab7674-f21b-48f8-bafe-77d20645fd4e userToken GET 304 /user "HTTP/1.1"
1dcd6f71-507d-4adf-afad-3fc648bd4d43 userToken GET 304 /static/stylesheets/style.css "HTTP/1.1"
58f99c4c-6c80-4be9-8f89-520f02b0dd4c userToken GET 304 /static/images/jaxtina-ielts-logo-w.png "HTTP/1.1"
a5450b10-3d1f-41bf-8dbb-0a97ee591146 userToken POST - /user/authentication "HTTP/1.1"
e4068159-0304-4da0-bea8-20aff739edaa userToken GET 304 /user "HTTP/1.1"
122a25a6-9d79-4c41-a015-611bb01cf9c6 userToken GET 304 /static/stylesheets/style.css "HTTP/1.1"
6296a26b-ccb6-4a14-a723-957e31c54477 userToken GET 304 /static/images/jaxtina-ielts-logo-w.png "HTTP/1.1"
f9561882-d677-418c-b271-f6f7273d4f87 userToken POST - /user/authentication "HTTP/1.1"
6f18984a-1dbc-424f-843f-47990ac58640 userToken GET 304 /user "HTTP/1.1"
bc93a25b-1f0f-4024-9a38-891eef06a9aa userToken GET 304 /static/stylesheets/style.css "HTTP/1.1"
0e6eb968-4fc4-4b27-8fc4-199336067588 userToken GET 304 /static/images/jaxtina-ielts-logo-w.png "HTTP/1.1"
8204e034-0cad-47ea-a7c3-e55ed844ee29 userToken GET 304 /user "HTTP/1.1"
4da73c9c-4de3-4c2a-a3ed-d43cb2e98372 userToken GET 304 / "HTTP/1.1"
ecce4901-99e7-42e6-867b-3fb978e1b5d4 userToken GET 304 /static/stylesheets/style.css "HTTP/1.1"
39e24778-5afd-4598-8afd-9a9844cadab4 userToken GET 304 /static/images/jaxtina-ielts-logo-w.png "HTTP/1.1"
5294bd32-af2e-4e44-b628-d012bc3b79a8 userToken GET 404 /user/sign-in-sign-up "HTTP/1.1"
3f7caea0-808d-482e-b11a-bcd559f297b5 userToken GET 304 /user "HTTP/1.1"
4053845d-b3a8-4590-9a94-f4af4253b227 userToken GET 304 /static/stylesheets/style.css "HTTP/1.1"
0541d716-8271-4f4f-b853-ec6e7dbaffab userToken GET 304 /static/images/jaxtina-ielts-logo-w.png "HTTP/1.1"
4ea970dc-246f-4c04-9034-3b2446b1e00a userToken GET 304 /user "HTTP/1.1"
14eaa364-3740-442d-a277-339fd7ef9bf8 userToken GET 304 /static/stylesheets/style.css "HTTP/1.1"
bb513ea2-6946-4a05-9e2e-900046e0f4ba userToken GET 304 /static/images/jaxtina-ielts-logo-w.png "HTTP/1.1"
e08466fa-d8e4-4b45-861d-8065f3547c96 userToken GET 304 /user "HTTP/1.1"
664fa181-04f2-455d-bbbd-2a39188b54c8 userToken GET 304 /static/stylesheets/style.css "HTTP/1.1"
97837d19-cea7-42b5-901b-b129886028b6 userToken GET 304 /static/images/jaxtina-ielts-logo-w.png "HTTP/1.1"
0d50f8e0-a0dc-4a65-b60b-4a96e56a09bf userToken GET 304 /user "HTTP/1.1"
b4a887fd-2c55-4415-bddb-8d1c35402737 userToken GET 304 /static/stylesheets/style.css "HTTP/1.1"
f892e534-12ba-4a40-92b1-bda0c8e50217 userToken GET 304 /static/images/jaxtina-ielts-logo-w.png "HTTP/1.1"
7316d3e3-08a8-4787-9805-9c6833bcb86f userToken POST 500 /user/authentication "HTTP/1.1"
6f81ee78-378d-488c-acc3-c85588f103ab userToken POST 200 /user/authentication "HTTP/1.1"
8f5f8d36-0de7-4427-9132-6a97068908c9 userToken GET 304 /static/stylesheets/style.css "HTTP/1.1"
9cc14d48-cf4d-45c3-a939-8b9370cea05f userToken GET 304 /static/images/jaxtina-ielts-logo-w.png "HTTP/1.1"
745ad0a5-288f-4a65-a1a3-bd84e73ca3bc userToken POST 200 /user/authentication "HTTP/1.1"
8be83730-e469-4c3b-9e4a-04338ac5ae6e userToken GET 304 /static/stylesheets/style.css "HTTP/1.1"
5dd25e0d-b449-41e2-8b8b-e018f0c36316 userToken GET 304 /static/images/jaxtina-ielts-logo-w.png "HTTP/1.1"
47108d22-6765-4ff8-9c68-fa4f625b2251 userToken POST 200 /user/authentication "HTTP/1.1"
1beeb610-21da-4a29-9db1-79aad8bb1570 userToken GET 304 /static/stylesheets/style.css "HTTP/1.1"
3426859b-562b-402a-be3e-758478beb4fe userToken GET 304 /static/images/jaxtina-ielts-logo-w.png "HTTP/1.1"
32c090eb-5e3e-40ef-8da5-7ffaa0efdb88 userToken GET 304 /user "HTTP/1.1"
01cd49db-fea2-47ad-b013-868c1bcd7b31 userToken GET 304 /static/stylesheets/style.css "HTTP/1.1"
1b29aa1b-9234-4f16-82c5-dba4bcb40714 userToken GET 304 /static/images/jaxtina-ielts-logo-w.png "HTTP/1.1"
823edf63-fe5f-40f5-9398-7e297744c613 userToken GET 304 /user "HTTP/1.1"
f020782f-84f2-4780-9e38-bd671e6d5394 userToken GET 304 /static/stylesheets/style.css "HTTP/1.1"
c6261ecf-f5d9-4d30-8fb6-79303744d609 userToken GET 304 /static/images/jaxtina-ielts-logo-w.png "HTTP/1.1"
11dfb4ec-0989-455a-8daa-fcb1e3953a16 userToken POST - /user/authentication "HTTP/1.1"
2404f248-4615-4338-a42d-77317c922ffa userToken GET 304 /user "HTTP/1.1"
71b40717-cc90-4c28-9dce-501c089a8275 userToken GET 200 /user "HTTP/1.1"
397b3911-d44c-42f5-8fe8-591eddf2171e userToken GET 304 /static/stylesheets/style.css "HTTP/1.1"
5051ac81-bc60-41f0-8713-6570737d51cb userToken GET 304 /static/images/jaxtina-ielts-logo-w.png "HTTP/1.1"
b0d04d70-e9c3-49a3-9d2f-c4285b1cdbf2 userToken GET 200 /user "HTTP/1.1"
a2dbf558-a1c0-44b0-a94c-e6328701e7fe userToken GET 304 /static/stylesheets/style.css "HTTP/1.1"
64ebe194-d0a2-44c9-877f-a99d66d4d1f2 userToken GET 304 /static/images/jaxtina-ielts-logo-w.png "HTTP/1.1"
90b74315-d59a-4d9a-a96e-bb5216234d21 userToken POST 200 /user/authentication "HTTP/1.1"
fd7e9f82-50e2-488d-ae00-f9de86b77445 userToken GET 304 /static/stylesheets/style.css "HTTP/1.1"
7748920b-d906-4e8c-accd-fb4232e2d0ed userToken GET 304 /static/images/jaxtina-ielts-logo-w.png "HTTP/1.1"
64e00ecf-adc8-45e1-8c0e-33c7575ba144 userToken POST - /user/authentication "HTTP/1.1"
2204aa6c-8a43-4940-ab0d-426b0c9c0e20 userToken POST - /user/authentication "HTTP/1.1"
eb43918d-6a43-4aaf-9ed6-fdb29fd87413 userToken GET 304 /user "HTTP/1.1"
f32008a2-e36b-4502-93ad-8c50e1479cd8 userToken GET 304 /static/stylesheets/style.css "HTTP/1.1"
f9d80885-885a-497a-a7ed-fb31648474a2 userToken GET 304 /static/images/jaxtina-ielts-logo-w.png "HTTP/1.1"
2da7ac59-ca60-440f-a897-39039197faeb userToken POST 200 /user/authentication "HTTP/1.1"
c955cc86-ac93-408a-8705-d9c7b04689d0 userToken GET 304 /static/stylesheets/style.css "HTTP/1.1"
5aca6f63-dd3d-48fc-b7e8-c711d724af2c userToken GET 304 /static/images/jaxtina-ielts-logo-w.png "HTTP/1.1"
0f28d39c-eba4-469f-bd30-d90fac7c8d04 userToken GET 304 /user "HTTP/1.1"
4878a650-16bf-4b0f-9010-ca3a3c1c8bff userToken GET 304 /static/stylesheets/style.css "HTTP/1.1"
c547cfb3-cad8-4426-894d-3fb63a4d3140 userToken GET 304 /static/images/jaxtina-ielts-logo-w.png "HTTP/1.1"
298536ae-a870-43f1-b67f-c05bdd212d2b userToken POST 200 /user/authentication "HTTP/1.1"
f267b797-6986-4876-8cf8-7d11f505da9b userToken GET 304 /static/stylesheets/style.css "HTTP/1.1"
535fae1a-483e-418f-85fe-0d288dbe0ce4 userToken GET 304 /static/images/jaxtina-ielts-logo-w.png "HTTP/1.1"
b4339aec-90a2-455e-8c73-1fd383b5c58d userToken POST - /user/authentication "HTTP/1.1"
40efaed3-420d-49a3-bb78-1506381b38ae userToken GET 304 /user "HTTP/1.1"
70833e92-0c44-4eff-84ae-4809acaedbe4 userToken GET 304 /static/stylesheets/style.css "HTTP/1.1"
de0c9183-2659-446e-963e-f0ab01ac50c8 userToken GET 304 /static/images/jaxtina-ielts-logo-w.png "HTTP/1.1"
197faf13-2916-4b50-aca0-a4d82b3c3b95 userToken POST 200 /user/authentication "HTTP/1.1"
222f2861-4996-4ea9-bdaa-c99d03bfb775 userToken GET 304 /static/stylesheets/style.css "HTTP/1.1"
d3d748c2-9913-4719-91c1-c0126d04aace userToken GET 304 /static/images/jaxtina-ielts-logo-w.png "HTTP/1.1"
2574c0bf-c8e4-4207-9eeb-238b8344fd5f userToken GET 304 /user "HTTP/1.1"
fea764c0-77e3-4d3c-b3f3-ec9f01a97aae userToken GET 304 /static/stylesheets/style.css "HTTP/1.1"
8651d7fa-7fe4-4636-85ed-f7bce1be6ed5 userToken GET 304 /static/images/jaxtina-ielts-logo-w.png "HTTP/1.1"
7094b9d2-20fd-43d4-8512-7ed318225be1 userToken POST 200 /user/authentication "HTTP/1.1"
f39fbc16-918d-442a-bdf0-c45290343d1a userToken GET 304 /static/stylesheets/style.css "HTTP/1.1"
b63616de-e91d-4d07-98e6-44c790286cbc userToken GET 304 /static/images/jaxtina-ielts-logo-w.png "HTTP/1.1"
5ffbfc01-3529-4477-8b35-dd6ae563027b userToken GET 304 /user "HTTP/1.1"
9de362b4-df10-4bea-aa20-be359338d327 userToken GET 304 /static/stylesheets/style.css "HTTP/1.1"
1baf0803-fb4a-4ccb-94e9-9e24dc4ecc2a userToken GET 304 /static/images/jaxtina-ielts-logo-w.png "HTTP/1.1"
1122d2c3-aa3f-44ac-b049-d8995c9b5aec userToken POST - /user/authentication "HTTP/1.1"
756fbc1e-34ff-4530-8cab-c78f323ca284 userToken GET 304 /user "HTTP/1.1"
93f1b212-8d9f-4612-8480-0d9acb46a700 userToken GET 304 /static/stylesheets/style.css "HTTP/1.1"
1253fc99-dad7-4ab4-8962-a4c9d9c17917 userToken GET 304 /static/images/jaxtina-ielts-logo-w.png "HTTP/1.1"
a95f4f7a-b54f-476d-a459-0570d86bd07a userToken POST 200 /user/authentication "HTTP/1.1"
e35511a8-f768-4fbb-bad6-0dca15feabea userToken GET 304 /static/stylesheets/style.css "HTTP/1.1"
844e1899-65f6-42c8-b7f5-90c6513dd310 userToken GET 304 /static/images/jaxtina-ielts-logo-w.png "HTTP/1.1"
6346fb29-c24a-4883-938f-a90786c5695a userToken POST 200 /user/authentication "HTTP/1.1"
9ecbed86-9540-44db-aaf4-9799b548eeed userToken GET 304 /static/stylesheets/style.css "HTTP/1.1"
292c87e9-2296-4918-8b87-5db0c11998f8 userToken GET 304 /static/images/jaxtina-ielts-logo-w.png "HTTP/1.1"
88aa34e0-b74d-44f7-ba75-33ac2701b107 userToken POST 200 /user/authentication "HTTP/1.1"
75d44867-3c0e-4c8f-ae1c-129a4ddd82fe userToken GET 304 /static/stylesheets/style.css "HTTP/1.1"
03eccd2d-ae7d-4e39-a15c-37f5699e7010 userToken GET 304 /static/images/jaxtina-ielts-logo-w.png "HTTP/1.1"
cfe2bf58-3daf-4508-adc8-ead27e54373c userToken POST - /user/authentication "HTTP/1.1"
19321eb7-51b7-4d40-9a03-d7bd3ed456ad userToken GET 304 /user "HTTP/1.1"
6bbe8e2e-8900-492c-88f3-24a00fb37371 userToken GET 304 /static/stylesheets/style.css "HTTP/1.1"
ba4f1d1c-a4a5-4edb-ac97-e423696c83c1 userToken GET 304 /static/images/jaxtina-ielts-logo-w.png "HTTP/1.1"
e991579c-0b4e-4dd0-b0a8-87ded7a8830d userToken POST 200 /user/authentication "HTTP/1.1"
a94c0a12-7393-4288-9a50-a225089f262e userToken GET 304 /static/stylesheets/style.css "HTTP/1.1"
fbcfbf99-735a-4097-bb91-962696dce726 userToken GET 304 /static/images/jaxtina-ielts-logo-w.png "HTTP/1.1"
f9964e13-bc22-4ecd-8064-c75d0f554219 userToken POST - /user/authentication "HTTP/1.1"
3026a17b-2253-4eb9-b550-9029cbfd8861 userToken POST - /user/authentication "HTTP/1.1"
4da0f8f6-6785-4aad-b194-e09efb1a1fda userToken POST - /user/authentication "HTTP/1.1"
81bebb20-3cd8-4f27-a48f-1412a3a15cba userToken GET 200 /user/ "HTTP/1.1"
22693310-0c2a-4ce7-8337-ce50b8b9c875 userToken GET 304 /static/stylesheets/style.css "HTTP/1.1"
a52b3bdf-8bd3-499d-b3cb-da157caccb56 userToken GET 304 /static/images/jaxtina-ielts-logo-w.png "HTTP/1.1"
18943073-d30c-4319-9bb6-d1e895fd9040 userToken POST 200 /user/authentication "HTTP/1.1"
73bd881c-2029-4ae9-ac7a-5748ef8193f0 userToken GET 304 /static/stylesheets/style.css "HTTP/1.1"
c78da288-7afa-4c64-bcf0-d566306381e3 userToken GET 304 /static/images/jaxtina-ielts-logo-w.png "HTTP/1.1"
0bb6ab6b-da07-42bf-b55b-44d7811bff12 userToken GET 304 /user "HTTP/1.1"
40f51cbd-eaab-4827-9dcf-015ca317977d userToken GET 304 /static/stylesheets/style.css "HTTP/1.1"
c93925a6-3056-4512-931f-4f94e2a56bd1 userToken GET 304 /static/images/jaxtina-ielts-logo-w.png "HTTP/1.1"
e58fc35a-b682-4afa-b9f4-25452b7cece5 userToken POST 200 /user/authentication "HTTP/1.1"
95ef4c38-8d6c-48e5-b6a7-da7604febd44 userToken GET 304 /static/stylesheets/style.css "HTTP/1.1"
e5f0a02d-c1e1-459f-9fb0-030cea6fff26 userToken GET 304 /static/images/jaxtina-ielts-logo-w.png "HTTP/1.1"
e03e2b64-576f-418f-9aff-fa6e99faf14d userToken GET 304 /user "HTTP/1.1"
c17798bd-d65a-4ee6-9f90-0c7b1e87daf8 userToken GET 304 /static/stylesheets/style.css "HTTP/1.1"
0a6d57c2-6786-4555-9c72-159d0ec7f31c userToken GET 304 /static/images/jaxtina-ielts-logo-w.png "HTTP/1.1"
f033cd06-dd61-48bc-b645-41856c78740f userToken POST - /user/authentication "HTTP/1.1"
138f258a-c2e1-448c-b220-7714dc103fe1 userToken POST - /user/authentication "HTTP/1.1"
2b147bc8-f534-4a14-b3aa-6a4ea2a02e13 userToken POST - /user/authentication "HTTP/1.1"
27120156-07e3-4f12-861e-fd11f3d52639 userToken POST - /user/authentication "HTTP/1.1"
4cbf3732-ebff-465c-96b9-378cb1afd033 userToken POST - /user/authentication "HTTP/1.1"
6be8bb40-71d7-4c12-82bd-b44abf5ca5de userToken POST - /user/authentication "HTTP/1.1"
ebb36e02-dd4b-4213-a3c3-34926e513602 userToken GET 304 /user "HTTP/1.1"
9d8d3a02-e693-43aa-b9b6-f6af5a9a1d5d userToken GET 304 /static/stylesheets/style.css "HTTP/1.1"
308ae9e4-4891-4e2b-a0e6-23a427ed082f userToken GET 304 /static/images/jaxtina-ielts-logo-w.png "HTTP/1.1"
4168abed-27cc-4bdd-9405-b84d6181b7ce userToken POST 200 /user/authentication "HTTP/1.1"
a833a036-6be0-4b38-bee5-51ffb0e24801 userToken GET 304 /static/stylesheets/style.css "HTTP/1.1"
588f32a5-393f-4ce0-a88f-58ff406c7e36 userToken GET 304 /static/images/jaxtina-ielts-logo-w.png "HTTP/1.1"
85914b3d-6fdd-4862-aff6-730197139265 userToken POST 200 /user/authentication "HTTP/1.1"
59b881df-28c8-49f5-85de-6bf097d02a1e userToken GET 304 /static/stylesheets/style.css "HTTP/1.1"
c9f0ea07-e64e-4782-8045-694466dfafb2 userToken GET 304 /static/images/jaxtina-ielts-logo-w.png "HTTP/1.1"
8f8aabb9-4e75-40af-a584-f6b2109a146f userToken GET 200 /user "HTTP/1.1"
81977ba6-50f0-44f1-bfc9-9debd3d2d80e userToken GET 304 /static/stylesheets/style.css "HTTP/1.1"
fe11990b-8210-44f9-a397-cecb993c45cd userToken GET 304 /static/images/jaxtina-ielts-logo-w.png "HTTP/1.1"
09639a3c-2f67-4736-ab4b-23730743fbda userToken GET 304 /user "HTTP/1.1"
ed8ef87e-f4ea-468b-b3b5-53d9bcb5ddbb userToken GET 304 /static/stylesheets/style.css "HTTP/1.1"
b3c99313-4d27-46d9-be33-517390861dc9 userToken GET 304 /static/images/jaxtina-ielts-logo-w.png "HTTP/1.1"
19360b51-f976-4720-bacf-31183b7e86ee userToken POST - /user/authentication "HTTP/1.1"
c7cbffd5-d6b5-4565-ad50-762be0a2d0dd userToken POST 200 /user/authentication "HTTP/1.1"
c6125a4e-54b4-4729-aff5-09967a95342d userToken GET 304 /static/stylesheets/style.css "HTTP/1.1"
e2327f5f-0824-474c-9502-8b34bac808bd userToken GET 304 /static/images/jaxtina-ielts-logo-w.png "HTTP/1.1"
3b07c0f4-1009-44f3-b18e-a70721c793cf userToken GET 404 /user/authentication "HTTP/1.1"
fae932e9-fee5-4da5-9575-efae27e122f8 userToken POST 200 /user/authentication "HTTP/1.1"
f7c3c7e9-91df-44c5-ae6b-125def2a1327 userToken GET 304 /static/stylesheets/style.css "HTTP/1.1"
43026c35-9763-4217-8483-4f024749529e userToken GET 304 /static/images/jaxtina-ielts-logo-w.png "HTTP/1.1"
3ce77d8a-b955-416f-8511-90c4ec3914b6 userToken POST 200 /user/authentication "HTTP/1.1"
f25de208-fe83-47a6-a985-99a5afc17d9e userToken GET 304 /static/stylesheets/style.css "HTTP/1.1"
826946eb-ab6c-4858-b0c5-a667bd1c4195 userToken GET 304 /static/images/jaxtina-ielts-logo-w.png "HTTP/1.1"
54998b93-a2fb-42fe-9312-f0c5431b3c0f userToken POST - /user/authentication "HTTP/1.1"
d1d293c8-e70e-4508-9a3e-4178e0bba3e8 userToken POST 200 /user/authentication "HTTP/1.1"
acbf1be8-e29f-4133-a4c0-73dac736bf2a userToken GET 304 /static/stylesheets/style.css "HTTP/1.1"
9e68c9ba-92db-4198-929b-bfeaa8dcd770 userToken GET 304 /static/images/jaxtina-ielts-logo-w.png "HTTP/1.1"
bcde609b-e78d-4a0a-af88-d44411fb5273 userToken GET 200 /user/ "HTTP/1.1"
c09db05d-78ef-48a9-92a8-ca5e1560c3ad userToken GET 304 /static/stylesheets/style.css "HTTP/1.1"
438e4757-ed02-4f93-a7d9-867db45ac249 userToken GET 304 /static/images/jaxtina-ielts-logo-w.png "HTTP/1.1"
f0a0373c-48cb-4ea6-bc7a-905b86084f22 userToken POST 200 /user/authentication "HTTP/1.1"
96c093b4-a94c-4df9-b483-aba06f634514 userToken GET 304 /static/stylesheets/style.css "HTTP/1.1"
cbd627fe-0985-4266-969e-931fb3d0820e userToken GET 304 /static/images/jaxtina-ielts-logo-w.png "HTTP/1.1"
6e03e7a7-6d6e-4552-a88c-967ebcbb2442 userToken GET 404 /user/authentication "HTTP/1.1"
af8395fa-ab3d-41e3-a5ca-d791714f819b userToken GET 304 /user "HTTP/1.1"
4a56e801-2631-464c-ab97-84f4bf12547a userToken GET 304 /static/stylesheets/style.css "HTTP/1.1"
e7e75c4b-dbfb-42b4-bd76-b21610271522 userToken GET 304 /static/images/jaxtina-ielts-logo-w.png "HTTP/1.1"
9ce2d1df-8dcf-45a9-aed2-c8cece2a6a65 userToken POST 200 /user/authentication "HTTP/1.1"
3c0e4cd3-61d4-4a71-88f1-37dbddf1971e userToken GET 304 /static/stylesheets/style.css "HTTP/1.1"
8ff96178-f38c-49b0-bc23-29bbfe0049f1 userToken GET 304 /static/images/jaxtina-ielts-logo-w.png "HTTP/1.1"
7cee58e8-68f6-4820-8d2d-c45d7093867c userToken POST - /user/authentication "HTTP/1.1"
761e5b73-b913-4a3d-8344-b8c704d6fb61 userToken POST 200 /user/authentication "HTTP/1.1"
73171524-1031-479f-be0c-1246b3ef8a13 userToken GET 304 /static/stylesheets/style.css "HTTP/1.1"
0ce9bdb3-d33a-42f0-a096-1d8c48de33a3 userToken GET 304 /static/images/jaxtina-ielts-logo-w.png "HTTP/1.1"
a60d3bd8-bb77-4a72-a8c2-78143430c7cc userToken POST 400 /user/authentication "HTTP/1.1"
93704df4-0908-4fe2-b86c-104e8ded9b36 userToken POST 400 /user/authentication "HTTP/1.1"
1d9bac52-8e84-483d-a722-c8b886af56f4 userToken GET 304 /user "HTTP/1.1"
ced0bdc1-cccf-402e-b358-3adcb7e6f176 userToken GET 304 /static/stylesheets/style.css "HTTP/1.1"
441478f8-81a7-4115-bd9e-750242e28f97 userToken GET 304 /static/images/jaxtina-ielts-logo-w.png "HTTP/1.1"
2a451168-d687-47e0-9c2f-d0b8cc8809bb userToken GET 304 /user "HTTP/1.1"
b3e27a4d-3fc3-4bbf-8829-45377fd26bb5 userToken GET 304 /static/stylesheets/style.css "HTTP/1.1"
56eaf1f5-dd70-4a6b-92dd-750e505f8990 userToken GET 304 /static/images/jaxtina-ielts-logo-w.png "HTTP/1.1"
759ef276-e02e-441a-8742-7e86cfc4012f userToken POST 400 /user/authentication "HTTP/1.1"
e07c8711-f31d-4557-868d-39c854abced5 userToken GET 200 /user "HTTP/1.1"
91865bad-87eb-4fb3-a115-1d52009fb5ad userToken GET 304 /static/stylesheets/style.css "HTTP/1.1"
5f370200-7c71-48ec-b714-d3d70a9c3d29 userToken GET 304 /static/images/jaxtina-ielts-logo-w.png "HTTP/1.1"
108a24ea-f499-4b19-8b83-0e5701422448 userToken POST 200 /user "HTTP/1.1"
a95a690d-a81a-42fb-8afa-1c814669f7e3 userToken GET 304 /static/stylesheets/style.css "HTTP/1.1"
3902fad1-e5ce-4a60-88a5-55f6af981097 userToken GET 304 /static/images/jaxtina-ielts-logo-w.png "HTTP/1.1"
09e442d6-c68d-4521-918a-a1014329c691 userToken POST 200 /user "HTTP/1.1"
7dc60351-ce39-4e4b-91d2-5b4ca9ab3677 userToken GET 304 /static/stylesheets/style.css "HTTP/1.1"
214a4246-6fcb-4758-b0a1-c5a8f7993fb6 userToken GET 304 /static/images/jaxtina-ielts-logo-w.png "HTTP/1.1"
412becc4-90cb-4bff-a5a6-bd444953784b userToken POST - /user "HTTP/1.1"
5947b67a-68da-43b5-b177-5d97a21203a8 userToken POST - /user "HTTP/1.1"
737d5da3-4314-4829-9a35-ea88acd8703f userToken POST - /user "HTTP/1.1"
9bbb6d55-3718-4f36-a6c2-140314211120 userToken POST 200 /user "HTTP/1.1"
3e1cda43-1d46-4f60-af6d-7bf4b6a7a4ad userToken GET 304 /static/stylesheets/style.css "HTTP/1.1"
e8f9e6ac-9cd2-4637-ac08-8a9c30da6497 userToken GET 304 /static/images/jaxtina-ielts-logo-w.png "HTTP/1.1"
4151d787-6fb6-4644-bdbb-e1253dc65495 userToken POST 200 /user "HTTP/1.1"
ee86634e-9101-4685-a282-b95fc10b21d5 userToken GET 304 /static/stylesheets/style.css "HTTP/1.1"
348cfafd-6ca8-407a-8204-94889ff6bcba userToken GET 304 /static/images/jaxtina-ielts-logo-w.png "HTTP/1.1"
cbfdb2be-3e33-4b42-9a9b-1e6294269e7a userToken GET 200 /user "HTTP/1.1"
a60704fe-a534-46d7-98bf-8490fa35b50a userToken GET 304 /static/stylesheets/style.css "HTTP/1.1"
c59142db-65cd-4363-8380-e5139cd6d53c userToken GET 304 /static/images/jaxtina-ielts-logo-w.png "HTTP/1.1"
4e98d80e-8f75-49e3-a1c7-2cbe2501a27c userToken POST 200 /user "HTTP/1.1"
a80a7583-9d7d-42de-b889-62b204bc473e userToken GET 304 /static/stylesheets/style.css "HTTP/1.1"
9472536c-ebda-46ed-bd6c-01f43a656d8c userToken GET 304 /static/images/jaxtina-ielts-logo-w.png "HTTP/1.1"
72b8668b-f1b4-4f92-891f-a0952fd394c5 userToken GET 200 /user "HTTP/1.1"
a736ecef-5cae-4cb3-8ec6-fb05c6ef8612 userToken GET 304 /static/stylesheets/style.css "HTTP/1.1"
0a745179-0eb6-4391-97b0-e9f29b3bc207 userToken GET 304 /static/images/jaxtina-ielts-logo-w.png "HTTP/1.1"
c496b934-478a-4423-b1c6-75595f98cea2 userToken GET 304 /user "HTTP/1.1"
96254947-18f6-4e9b-95d7-6c40c92f1e9b userToken GET 304 /static/stylesheets/style.css "HTTP/1.1"
93161136-86ee-4cb2-afc3-0a74436fd128 userToken GET 304 /static/images/jaxtina-ielts-logo-w.png "HTTP/1.1"
0640e13c-bf5c-45db-a554-706e33612077 userToken POST 200 /user "HTTP/1.1"
f08a3d01-110b-4b26-ac46-518914d1ca56 userToken GET 304 /static/stylesheets/style.css "HTTP/1.1"
f6dd5286-5f46-453b-8849-ccb9957ae955 userToken GET 304 /static/images/jaxtina-ielts-logo-w.png "HTTP/1.1"
523cf15c-3ea7-431c-b11c-648968a41428 userToken POST 200 /user "HTTP/1.1"
6530c7bb-2e22-4f8c-bf50-4fa1c9a11b02 userToken GET 304 /static/stylesheets/style.css "HTTP/1.1"
7b659538-b04c-4cfd-9252-6d4ffa2abc0c userToken GET 304 /static/images/jaxtina-ielts-logo-w.png "HTTP/1.1"
b39505de-aaa9-4856-91f6-7f43279294e4 userToken GET 200 /user "HTTP/1.1"
989f288d-cfc4-4f4c-83e7-793023086814 userToken GET 304 /static/stylesheets/style.css "HTTP/1.1"
e7b3f7ed-ec64-492d-8da4-2599ca240b20 userToken GET 304 /static/images/jaxtina-ielts-logo-w.png "HTTP/1.1"
b84184bc-c590-4c33-80e2-6a370c113eb0 userToken POST 200 /user "HTTP/1.1"
94c573fd-674e-4f27-ba04-a45e2045fba8 userToken GET 304 /static/stylesheets/style.css "HTTP/1.1"
06e4d7fb-e993-4f7e-be64-aaac1f6bfac0 userToken GET 304 /static/images/jaxtina-ielts-logo-w.png "HTTP/1.1"
3d330bd1-ccea-442a-a9f4-17ac73ac6d8c userToken GET 200 /user "HTTP/1.1"
38ca741d-f1e1-40ec-b660-29ae1002952a userToken GET 304 /static/stylesheets/style.css "HTTP/1.1"
48dfdf7d-5f2e-4fb6-b54e-ee4cb8ec97aa userToken GET 304 /static/images/jaxtina-ielts-logo-w.png "HTTP/1.1"
da991001-1119-4bb3-a3a3-c81c48f46623 userToken POST 200 /user "HTTP/1.1"
5da49b2d-804a-4876-bd65-fc5da4060221 userToken GET 304 /static/stylesheets/style.css "HTTP/1.1"
a8c32bb4-e870-4fd2-8ee2-975091e53a0f userToken GET 304 /static/images/jaxtina-ielts-logo-w.png "HTTP/1.1"
87ccc931-6799-4f3e-8360-219916f3dec2 userToken POST 200 /user "HTTP/1.1"
6835e8cc-b5b4-47f8-9585-053cc2829ca5 userToken GET 304 /static/stylesheets/style.css "HTTP/1.1"
75381032-548f-438f-acaa-21fa95d21424 userToken GET 304 /static/images/jaxtina-ielts-logo-w.png "HTTP/1.1"
ff1f9d13-01fd-41b3-a0b8-a6a6e21dafd6 userToken GET 200 /user "HTTP/1.1"
8a88ec9f-4899-4869-9627-68778309deb7 userToken GET 304 /static/stylesheets/style.css "HTTP/1.1"
cd048905-1a22-4c39-948e-dc59ff8195a2 userToken GET 304 /static/images/jaxtina-ielts-logo-w.png "HTTP/1.1"
d406a119-b5bd-44bd-a89c-7ea17ce6d80e userToken POST 302 /user "HTTP/1.1"
5c6b8b51-68fa-4fae-8e5c-7e8e76c6e1b4 userToken GET 200 /admin "HTTP/1.1"
495b4067-38b8-4a66-a1bb-e59dc887e381 userToken GET 304 /static/stylesheets/style.css "HTTP/1.1"
79d7d60e-fee0-401e-83eb-dce17d8f12d9 userToken GET 304 /static/images/jaxtina-ielts-logo-w.png "HTTP/1.1"
9d97fa83-b0b1-48ed-b270-bdea7f7b7deb userToken POST 400 /admin "HTTP/1.1"
50602111-afb5-4416-9cdb-cae9cf146615 userToken GET 304 /admin "HTTP/1.1"
6a430448-551a-4c16-8773-72100874f434 userToken GET 304 /static/stylesheets/style.css "HTTP/1.1"
8e4ad1b6-96a0-4177-8a00-d793aa3a7628 userToken GET 304 /static/images/jaxtina-ielts-logo-w.png "HTTP/1.1"
ba5d8cad-d50b-428a-8803-412f27ace4c7 userToken GET 200 /user "HTTP/1.1"
6f89c0e9-4fd2-4a58-ad49-eaa8c716b17f userToken GET 304 /static/stylesheets/style.css "HTTP/1.1"
de9c17f8-d595-48b3-a994-71fbcc153553 userToken GET 304 /static/images/jaxtina-ielts-logo-w.png "HTTP/1.1"
8cc07feb-d688-448b-afe8-9ab24b99e924 userToken POST 302 /user "HTTP/1.1"
f4ac7540-29e1-445f-99e9-d90bfcadef84 userToken GET 404 /home "HTTP/1.1"
19786f88-c5c7-4ea6-92d2-4c0ab69caa3e userToken GET 404 /home "HTTP/1.1"
9d6d18d1-a0bc-4045-9c8a-90bb72efd85f userToken GET 404 /home "HTTP/1.1"
2e7c6cc7-bb63-4bfb-8659-1c3b521c7269 userToken GET 404 /home "HTTP/1.1"
97545689-edb8-4ee3-93c5-3233060d49ba userToken GET 404 /home "HTTP/1.1"
63bb9593-a102-4a04-8015-66c531b29c95 userToken GET 200 /user "HTTP/1.1"
d2f6acd3-9577-4110-bd60-1c3eb185bbbc userToken POST 302 /user "HTTP/1.1"
07ff4a26-3ad6-46f1-8838-7a621b8ec9fb userToken GET 304 / "HTTP/1.1"
d1a49ebf-f0ce-4fd9-adec-c07cb8da163f userToken GET 304 /static/stylesheets/style.css "HTTP/1.1"
64ed2dc9-791f-45a3-9e04-20632b11065e userToken GET 304 /static/images/jaxtina-ielts-logo-w.png "HTTP/1.1"
d344bac5-d5f8-4f4e-af53-71244ff20d43 userToken GET 200 / "HTTP/1.1"
478284e6-6050-453b-9aaf-b8b9cf6c3a63 userToken GET 304 /static/stylesheets/style.css "HTTP/1.1"
08ea17ab-f3de-43ef-8a7d-bed0ed6caa7d userToken GET 304 /static/images/jaxtina-ielts-logo-w.png "HTTP/1.1"
e8e71d27-7ec8-4f3f-89d9-c3cf5ec2d312 userToken GET 200 /user "HTTP/1.1"
66cfe655-3539-4597-884a-b0cc629e6808 userToken GET 304 /static/stylesheets/style.css "HTTP/1.1"
7af62ab5-d354-4293-bf4c-82f171f93321 userToken GET 304 /static/images/jaxtina-ielts-logo-w.png "HTTP/1.1"
118b53f9-e2b7-424d-badb-3d9c13e97d02 userToken GET 200 /user "HTTP/1.1"
5efe2638-4e82-49ed-887f-6db9d1566bd3 userToken GET 304 /static/stylesheets/style.css "HTTP/1.1"
5dad7879-ac44-4f3f-a0b2-d76c156c0adc userToken GET 304 /static/images/jaxtina-ielts-logo-w.png "HTTP/1.1"
d066fabd-6cec-46b6-a124-4f5eb1507eca userToken GET 200 / "HTTP/1.1"
60d924f4-f5f3-4d4b-a32f-ab82337b2bde userToken GET 304 /static/stylesheets/style.css "HTTP/1.1"
b6ed3523-10c9-4078-a0d5-e788654e81c2 userToken GET 304 /static/images/jaxtina-ielts-logo-w.png "HTTP/1.1"
d452eb2f-3d55-42e7-abc9-4024e0ba3165 userToken GET 304 /user "HTTP/1.1"
0c3b8395-f3cb-46b1-a7be-227d45c89c96 userToken GET 304 /static/stylesheets/style.css "HTTP/1.1"
9ecae713-7da9-4e3a-84c6-25a867e80a26 userToken GET 304 /static/images/jaxtina-ielts-logo-w.png "HTTP/1.1"
3766d75b-576b-418d-8c15-2b0897aedb8e userToken GET 304 / "HTTP/1.1"
4082db1f-d560-49c7-a93a-8dda5b4475a6 userToken GET 304 /static/stylesheets/style.css "HTTP/1.1"
a1852268-5abd-4d46-a2db-76c5cea8cc54 userToken GET 304 /static/images/jaxtina-ielts-logo-w.png "HTTP/1.1"
3e600991-47a7-44b2-8a90-d920a84f2b0f userToken GET 304 /user "HTTP/1.1"
cdec79e7-e992-4b37-be00-2c6e904e4578 userToken GET 304 /static/stylesheets/style.css "HTTP/1.1"
05a0e461-6d1e-4292-8eee-397298aba254 userToken GET 304 /static/images/jaxtina-ielts-logo-w.png "HTTP/1.1"
7527b5a2-75fa-427c-baec-d966f2fbc6ac userToken GET 304 / "HTTP/1.1"
786e7673-6737-4d7c-b896-aadcc0f72a97 userToken GET 304 /static/stylesheets/style.css "HTTP/1.1"
b44ab04d-c9da-44dc-808a-a7564d644ab4 userToken GET 304 /static/images/jaxtina-ielts-logo-w.png "HTTP/1.1"
ffa9d087-5a0e-4313-82a5-38b2bc4ffd01 userToken GET 304 /user "HTTP/1.1"
62603c38-8edf-43cd-b3dd-d6fa8d835bac userToken GET 304 /static/stylesheets/style.css "HTTP/1.1"
25d42c95-99bc-42c7-8a5e-62905fab5f9c userToken GET 304 /static/images/jaxtina-ielts-logo-w.png "HTTP/1.1"
525955d3-4a91-4a62-9328-5f9997a4dcea userToken GET 304 / "HTTP/1.1"
2c5a5b9f-cdc9-4931-bdb9-f3b22cbf69ee userToken GET 304 /static/stylesheets/style.css "HTTP/1.1"
b81f6f55-cd26-44a9-8dee-a21b7eb6c4f1 userToken GET 304 /static/images/jaxtina-ielts-logo-w.png "HTTP/1.1"
64dc8646-762e-4c7b-9cc5-a65b85e10e1e userToken GET 400 /favicon.ico "HTTP/1.1"
351ec398-0ef4-49f0-b686-c7c53d09d73c userToken GET 200 /user "HTTP/1.1"
99bf4b85-2c83-4e79-9555-61c36bfabb2e userToken GET 304 /static/stylesheets/style.css "HTTP/1.1"
d577123b-a025-4186-a980-a69a2b7794bf userToken GET 304 /static/images/jaxtina-ielts-logo-w.png "HTTP/1.1"
2390fe4a-5522-4f37-a332-01b32b2975af userToken GET 400 /favicon.ico "HTTP/1.1"
51a900e2-b5ea-4d30-bfde-85961ca66575 userToken POST 200 /user "HTTP/1.1"
430cb71f-8e83-4f27-970d-9a3e78dda89a userToken GET 304 /static/stylesheets/style.css "HTTP/1.1"
3c19333f-dca8-4e2a-a792-1ed022ededaa userToken GET 304 /static/images/jaxtina-ielts-logo-w.png "HTTP/1.1"
1a82c35a-9e1a-4a62-80b2-57be5317e3c0 userToken GET 400 /favicon.ico "HTTP/1.1"
13e1ad9f-e52e-430e-963d-0a54d0718d10 userToken POST 200 /user "HTTP/1.1"
74af063a-df24-46c3-b448-ec0f3889e89b userToken GET 304 /static/stylesheets/style.css "HTTP/1.1"
e0875fa3-3e8d-43e3-847e-57aa941d19e7 userToken GET 304 /static/images/jaxtina-ielts-logo-w.png "HTTP/1.1"
d0cbe6ac-078f-4a91-a2bc-446488334e75 userToken GET 400 /favicon.ico "HTTP/1.1"
a4483932-b26b-4e17-add3-e93309c19742 userToken POST 302 /user "HTTP/1.1"
3b8dc158-eef0-4a25-8f7c-c4a6129e9875 userToken GET 304 / "HTTP/1.1"
2528ab6f-d603-453e-a935-ce67f9e33aad userToken GET 304 /static/stylesheets/style.css "HTTP/1.1"
4af62d16-f840-47d8-91bf-605f8322b9b9 userToken GET 304 /static/images/jaxtina-ielts-logo-w.png "HTTP/1.1"
0385ec28-ba1a-4a64-add8-1688ce2300f5 userToken GET 400 /favicon.ico "HTTP/1.1"
e82486cc-3ee9-45b2-af10-823f973ce108 userToken GET 200 /user "HTTP/1.1"
49cb540d-2197-45be-99b3-bc1b205296b3 userToken GET 304 /static/stylesheets/style.css "HTTP/1.1"
4fa4589a-29a3-41f4-ae1c-7be4ebcacca6 userToken GET 304 /static/images/jaxtina-ielts-logo-w.png "HTTP/1.1"
67fe760a-b098-4bcf-abbe-c94985fa257d userToken GET 400 /favicon.ico "HTTP/1.1"
b71e9206-58b8-4d70-806f-52e064fb45c3 userToken GET 304 / "HTTP/1.1"
2b241fe8-50b7-46b4-b887-b7d77aac3433 userToken GET 304 /static/stylesheets/style.css "HTTP/1.1"
0cb1193e-7701-41cb-8020-d3ac2fb9dff2 userToken GET 304 /static/images/jaxtina-ielts-logo-w.png "HTTP/1.1"
80ca9284-322b-47e7-a534-630167c41076 userToken GET 400 /favicon.ico "HTTP/1.1"
c29461f9-b0a0-4e21-8bc5-3615a00ba5df userToken GET 304 /user "HTTP/1.1"
5e1453aa-c321-44c0-a8a1-f2499f0655d5 userToken GET 304 /static/stylesheets/style.css "HTTP/1.1"
ca4b7b77-4585-44e6-b3e9-885cfad15dd8 userToken GET 304 /static/images/jaxtina-ielts-logo-w.png "HTTP/1.1"
3b4bfdd3-1c83-4663-a228-92778c940c53 userToken GET 400 /favicon.ico "HTTP/1.1"
95bbe57e-7891-47f9-a8a6-9e86c360ed2c userToken GET 304 / "HTTP/1.1"
95cc6d89-9b22-4aa3-a88c-b561407cca4e userToken GET 304 /static/stylesheets/style.css "HTTP/1.1"
a89380f9-c1cc-489a-ab0e-0364a56e363e userToken GET 304 /static/images/jaxtina-ielts-logo-w.png "HTTP/1.1"
d8bbedb4-12f4-4b30-8365-988dbce3cc6b userToken GET 400 /favicon.ico "HTTP/1.1"
8eb100f7-a361-47ce-83c1-ff6efe72dd28 userToken GET 304 /user "HTTP/1.1"
6fa6b184-4c1a-4e30-9d14-f13ccfa0886c userToken GET 304 /static/stylesheets/style.css "HTTP/1.1"
ab801292-5efb-4f5a-89ab-f25c23316153 userToken GET 304 /static/images/jaxtina-ielts-logo-w.png "HTTP/1.1"
b1e5ab5b-8f89-408e-befa-884986c948a2 userToken GET 400 /favicon.ico "HTTP/1.1"
658f3ea8-2bcf-412d-aafe-bb19a17872f6 userToken POST 200 /user "HTTP/1.1"
e8c96b83-99cf-43ac-8abd-bd882040db5a userToken GET 304 /static/stylesheets/style.css "HTTP/1.1"
090206d3-b8a0-4512-95bd-6e915bd142b7 userToken GET 304 /static/images/jaxtina-ielts-logo-w.png "HTTP/1.1"
1f7f216a-cb36-43d3-bcac-0108ed4ebed2 userToken GET 400 /favicon.ico "HTTP/1.1"
a70bb27e-d55c-4338-94f3-6a8a86f60127 userToken GET 304 / "HTTP/1.1"
c32ecb9a-58f2-479c-ba01-bca0b18582f0 userToken GET 304 /static/stylesheets/style.css "HTTP/1.1"
01a8393d-ce68-48f2-b207-17f28af86296 userToken GET 304 /static/images/jaxtina-ielts-logo-w.png "HTTP/1.1"
937a849a-efba-4b05-b9d4-a063ead31be8 userToken GET 400 /favicon.ico "HTTP/1.1"
